<?xml version="1.0" encoding="UTF-8"?>
<testsuite xmlns:xsi="http://www.w3.org/2001/XMLSchema-instance" xsi:schemaLocation="https://maven.apache.org/surefire/maven-surefire-plugin/xsd/surefire-test-report.xsd" name="MULE_EE.4.4.0-20230724.api-console" time="0.086" failures="0" errors="0" skipped="0" tests="1">
  <properties>
    <property key="jansi.mode" value="strip"/>
    <property key="java.runtime.name" value="OpenJDK Runtime Environment"/>
    <property key="sun.boot.library.path" value="/usr/lib/jvm/temurin-8-jdk-amd64/jre/lib/amd64"/>
    <property key="java.vm.version" value="25.382-b05"/>
    <property key="maven.multiModuleProjectDirectory" value="/home/runner/work/micorp-customer-sapi/micorp-customer-sapi"/>
    <property key="java.vm.vendor" value="Temurin"/>
    <property key="java.vendor.url" value="https://adoptium.net/"/>
    <property key="guice.disable.misplaced.annotation.check" value="true"/>
    <property key="path.separator" value=":"/>
    <property key="java.vm.name" value="OpenJDK 64-Bit Server VM"/>
    <property key="file.encoding.pkg" value="sun.io"/>
    <property key="sun.java.launcher" value="SUN_STANDARD"/>
    <property key="sun.os.patch.level" value="unknown"/>
    <property key="java.vm.specification.name" value="Java Virtual Machine Specification"/>
    <property key="user.dir" value="/home/runner/work/micorp-customer-sapi/micorp-customer-sapi"/>
    <property key="java.runtime.version" value="1.8.0_382-b05"/>
    <property key="java.awt.graphicsenv" value="sun.awt.X11GraphicsEnvironment"/>
    <property key="java.endorsed.dirs" value="/usr/lib/jvm/temurin-8-jdk-amd64/jre/lib/endorsed"/>
    <property key="os.arch" value="amd64"/>
    <property key="salesforce.consumerkey" value="3MVG99gP.VbJma8Wlu2C246aMscxqW6uf16qBTqgJ_W_83zcxkOHabPMNVQ7Zp9w9erow6j2.ANtwFErPBHS3"/>
    <property key="java.io.tmpdir" value="/tmp"/>
    <property key="line.separator" value="&#xa;"/>
    <property key="java.vm.specification.vendor" value="Oracle Corporation"/>
    <property key="os.name" value="Linux"/>
    <property key="classworlds.conf" value="/usr/share/apache-maven-3.8.8/bin/m2.conf"/>
    <property key="sun.jnu.encoding" value="UTF-8"/>
    <property key="java.library.path" value="/usr/java/packages/lib/amd64:/usr/lib64:/lib64:/lib:/usr/lib"/>
    <property key="maven.conf" value="/usr/share/apache-maven-3.8.8/conf"/>
    <property key="java.specification.name" value="Java Platform API Specification"/>
    <property key="java.class.version" value="52.0"/>
    <property key="sun.management.compiler" value="HotSpot 64-Bit Tiered Compilers"/>
    <property key="os.version" value="5.15.0-1041-azure"/>
    <property key="library.jansi.path" value="/usr/share/apache-maven-3.8.8/lib/jansi-native"/>
    <property key="user.home" value="/home/runner"/>
    <property key="user.timezone" value="Etc/UTC"/>
    <property key="java.awt.printerjob" value="sun.print.PSPrinterJob"/>
    <property key="file.encoding" value="UTF-8"/>
    <property key="java.specification.version" value="1.8"/>
    <property key="java.class.path" value="/usr/share/apache-maven-3.8.8/boot/plexus-classworlds-2.6.0.jar"/>
    <property key="user.name" value="runner"/>
    <property key="java.vm.specification.version" value="1.8"/>
    <property key="sun.java.command" value="org.codehaus.plexus.classworlds.launcher.Launcher --batch-mode package -Dsalesforce.principal=micorp.integration@yopmail.com -Dsalesforce.consumerkey=3MVG99gP.VbJma8Wlu2C246aMscxqW6uf16qBTqgJ_W_83zcxkOHabPMNVQ7Zp9w9erow6j2.ANtwFErPBHS3 -Dsalesforce.keystore=keystore.jks -Dsalesforce.storepassword=micorpintegration"/>
    <property key="java.home" value="/usr/lib/jvm/temurin-8-jdk-amd64/jre"/>
    <property key="sun.arch.data.model" value="64"/>
    <property key="user.language" value="en"/>
    <property key="java.specification.vendor" value="Oracle Corporation"/>
    <property key="awt.toolkit" value="sun.awt.X11.XToolkit"/>
    <property key="java.vm.info" value="mixed mode"/>
    <property key="salesforce.principal" value="micorp.integration@yopmail.com"/>
    <property key="java.version" value="1.8.0_382"/>
    <property key="java.ext.dirs" value="/usr/lib/jvm/temurin-8-jdk-amd64/jre/lib/ext:/usr/java/packages/lib/ext"/>
    <property key="sun.boot.class.path" value="/usr/lib/jvm/temurin-8-jdk-amd64/jre/lib/resources.jar:/usr/lib/jvm/temurin-8-jdk-amd64/jre/lib/rt.jar:/usr/lib/jvm/temurin-8-jdk-amd64/jre/lib/sunrsasign.jar:/usr/lib/jvm/temurin-8-jdk-amd64/jre/lib/jsse.jar:/usr/lib/jvm/temurin-8-jdk-amd64/jre/lib/jce.jar:/usr/lib/jvm/temurin-8-jdk-amd64/jre/lib/charsets.jar:/usr/lib/jvm/temurin-8-jdk-amd64/jre/lib/jfr.jar:/usr/lib/jvm/temurin-8-jdk-amd64/jre/classes"/>
    <property key="java.vendor" value="Temurin"/>
    <property key="maven.home" value="/usr/share/apache-maven-3.8.8"/>
    <property key="java.specification.maintenance.version" value="5"/>
    <property key="file.separator" value="/"/>
    <property key="java.vendor.url.bug" value="https://github.com/adoptium/adoptium-support/issues"/>
    <property key="salesforce.keystore" value="keystore.jks"/>
    <property key="sun.io.unicode.encoding" value="UnicodeLittle"/>
    <property key="sun.cpu.endian" value="little"/>
    <property key="salesforce.storepassword" value="micorpintegration"/>
    <property key="sun.cpu.isalist" value=""/>
    <property key="munit.system.properties.file" value="/home/runner/work/micorp-customer-sapi/micorp-customer-sapi/target/user.system.properties"/>
    <property key="org.glassfish.grizzly.DEFAULT_MEMORY_MANAGER" value="org.glassfish.grizzly.memory.HeapMemoryManager"/>
  </properties>
  <testcase time="0.083" name="test-console" classname="MULE_EE.4.4.0-20230724.api-console"/>
</testsuite>